#
# A fatal error has been detected by the Java Runtime Environment:
#
#  EXCEPTION_ACCESS_VIOLATION (0xc0000005) at pc=0x0000000053d27a10, pid=10772, tid=0x0000000000002424
#
# JRE version: OpenJDK Runtime Environment (8.0_242-b01) (build 1.8.0_242-release-1644-b01)
# Java VM: OpenJDK 64-Bit Server VM (25.242-b01 mixed mode windows-amd64 compressed oops)
# Problematic frame:
# V  [jvm.dll+0x437a10]
#
# Failed to write core dump. Minidumps are not enabled by default on client versions of Windows
#
# If you would like to submit a bug report, please visit:
#   
#

---------------  T H R E A D  ---------------

Current thread (0x000000001a3f2000):  JavaThread "C2 CompilerThread1" daemon [_thread_in_native, id=9252, stack(0x000000001ad90000,0x000000001ae90000)]

siginfo: ExceptionCode=0xc0000005, reading address 0x0000000000000028

Registers:
RAX=0x000000001fc162b0, RBX=0x0000000000000000, RCX=0x0000000000000000, RDX=0x0000000000000000
RSP=0x000000001ae8bf80, RBP=0x000000001d0a8aa8, RSI=0x00000000243e0878, RDI=0x000000001fb7ca30
R8 =0x00000000ffffffff, R9 =0x0000000000000001, R10=0x0000000000000002, R11=0x0000000000000000
R12=0x000000001ae8c390, R13=0x0000000000000000, R14=0x00000000000000d0, R15=0x000000000000001a
RIP=0x0000000053d27a10, EFLAGS=0x0000000000010297

Top of Stack: (sp=0x000000001ae8bf80)
0x000000001ae8bf80:   000000002fee9cb0 00000000243e0878
0x000000001ae8bf90:   000000001fb7ca30 ffffffffffffffff
0x000000001ae8bfa0:   0000001b000003f3 000000001fb7ca30
0x000000001ae8bfb0:   0000000000000030 00000000000003f3
0x000000001ae8bfc0:   0000000000000000 0000000000000000
0x000000001ae8bfd0:   000000001ae8c0a0 00000000000003d8
0x000000001ae8bfe0:   0000000021aaef78 0000000021aaeba0
0x000000001ae8bff0:   000000001ae8c120 0000000000000000
0x000000001ae8c000:   000000001ae8c390 0000000021aaeb90
0x000000001ae8c010:   000000001ae8c4a0 0000000053d2a8d3
0x000000001ae8c020:   000000001ae8c390 000000001ae8c101
0x000000001ae8c030:   00000000ffffffff 0000000000000006
0x000000001ae8c040:   0000000000000006 0000000021aaeb90
0x000000001ae8c050:   000000003a8ebfa0 000000003a8f3db0
0x000000001ae8c060:   000000003a8f3f88 00000000001cd548
0x000000001ae8c070:   0000000000000006 0000000024130c80 

Instructions: (pc=0x0000000053d27a10)
0x0000000053d279f0:   83 0d 02 00 00 49 c1 e6 03 0f 1f 80 00 00 00 00
0x0000000053d27a00:   48 8b 46 08 49 8b 0c 06 49 8b 84 24 28 01 00 00
0x0000000053d27a10:   48 63 51 28 8b 1c 90 85 db 0f 84 c0 01 00 00 45
0x0000000053d27a20:   84 c9 74 11 45 3b c7 75 0c 48 8b 06 48 8b ce ff 


Register to memory mapping:

RAX=0x000000001fc162b0 is an unknown value
RBX=0x0000000000000000 is an unknown value
RCX=0x0000000000000000 is an unknown value
RDX=0x0000000000000000 is an unknown value
RSP=0x000000001ae8bf80 is pointing into the stack for thread: 0x000000001a3f2000
RBP=0x000000001d0a8aa8 is an unknown value
RSI=0x00000000243e0878 is an unknown value
RDI=0x000000001fb7ca30 is an unknown value
R8 =0x00000000ffffffff is an unallocated location in the heap
R9 =0x0000000000000001 is an unknown value
R10=0x0000000000000002 is an unknown value
R11=0x0000000000000000 is an unknown value
R12=0x000000001ae8c390 is pointing into the stack for thread: 0x000000001a3f2000
R13=0x0000000000000000 is an unknown value
R14=0x00000000000000d0 is an unknown value
R15=0x000000000000001a is an unknown value


Stack: [0x000000001ad90000,0x000000001ae90000],  sp=0x000000001ae8bf80,  free space=1007k
Native frames: (J=compiled Java code, j=interpreted, Vv=VM code, C=native code)
V  [jvm.dll+0x437a10]
V  [jvm.dll+0x43a8d3]
V  [jvm.dll+0x4456ab]
V  [jvm.dll+0x447fa8]
V  [jvm.dll+0x42b072]
V  [jvm.dll+0x8230f]
V  [jvm.dll+0x82c7f]
V  [jvm.dll+0x220b7f]
V  [jvm.dll+0x27276a]
C  [msvcr100.dll+0x21d9f]
C  [msvcr100.dll+0x21e3b]
C  [KERNEL32.DLL+0x17c24]
C  [ntdll.dll+0x6d721]


Current CompileTask:
C2:3299473 38773       4       com.android.tools.r8.ir.conversion.N::a (866 bytes)


---------------  P R O C E S S  ---------------

Java Threads: ( => current thread )
  0x000000001f864800 JavaThread "stdout" [_thread_in_native, id=12964, stack(0x0000000036700000,0x0000000036800000)]
  0x000000001f861800 JavaThread "stderr" [_thread_in_native, id=6984, stack(0x0000000036600000,0x0000000036700000)]
  0x000000001f862000 JavaThread "pool-62-thread-1" [_thread_blocked, id=7944, stack(0x0000000036500000,0x0000000036600000)]
  0x000000001f860800 JavaThread "WorkerExecutor Queue Thread 6" [_thread_blocked, id=10552, stack(0x0000000035d20000,0x0000000035e20000)]
  0x000000001f863000 JavaThread "WorkerExecutor Queue Thread 5" [_thread_blocked, id=8380, stack(0x0000000035530000,0x0000000035630000)]
  0x000000001f857800 JavaThread "WorkerExecutor Queue Thread 4" [_thread_blocked, id=12576, stack(0x0000000035c20000,0x0000000035d20000)]
  0x000000001f85e800 JavaThread "WorkerExecutor Queue Thread 3" [_thread_blocked, id=5900, stack(0x0000000033d70000,0x0000000033e70000)]
  0x000000001f85d800 JavaThread "WorkerExecutor Queue Thread 2" [_thread_blocked, id=5404, stack(0x0000000033a00000,0x0000000033b00000)]
  0x000000001f85b800 JavaThread "WorkerExecutor Queue" [_thread_in_Java, id=6924, stack(0x0000000033170000,0x0000000033270000)]
  0x000000001f856000 JavaThread "Cache worker for execution history cache (C:\Users\admin\AndroidStudioProjects\One888\.gradle\6.5\executionHistory)" [_thread_blocked, id=12764, stack(0x0000000033070000,0x0000000033170000)]
  0x000000001f85a000 JavaThread "Execution worker for ':' Thread 7" [_thread_blocked, id=2820, stack(0x0000000032cf0000,0x0000000032df0000)]
  0x00000000223a9800 JavaThread "Execution worker for ':' Thread 6" [_thread_blocked, id=12864, stack(0x0000000032390000,0x0000000032490000)]
  0x00000000223a9000 JavaThread "Execution worker for ':' Thread 5" [_thread_blocked, id=1732, stack(0x000000002eff0000,0x000000002f0f0000)]
  0x00000000223a7800 JavaThread "Execution worker for ':' Thread 4" [_thread_blocked, id=4532, stack(0x000000002edd0000,0x000000002eed0000)]
  0x00000000223a6800 JavaThread "Execution worker for ':' Thread 3" [_thread_blocked, id=1708, stack(0x000000002ead0000,0x000000002ebd0000)]
  0x00000000223a5000 JavaThread "Execution worker for ':' Thread 2" [_thread_blocked, id=3512, stack(0x000000002dbd0000,0x000000002dcd0000)]
  0x00000000223a8000 JavaThread "Execution worker for ':'" [_thread_blocked, id=13180, stack(0x000000002d850000,0x000000002d950000)]
  0x000000002239d800 JavaThread "Cache worker for file content cache (C:\Users\admin\AndroidStudioProjects\One888\.gradle\6.5\fileContent)" [_thread_blocked, id=3964, stack(0x000000002c720000,0x000000002c820000)]
  0x00000000223a3800 JavaThread "Cache worker for Build Output Cleanup Cache (C:\Users\admin\AndroidStudioProjects\One888\.gradle\buildOutputCleanup)" [_thread_blocked, id=13196, stack(0x000000002c220000,0x000000002c320000)]
  0x00000000223a4800 JavaThread "Build operations Thread 8" [_thread_blocked, id=11388, stack(0x0000000025060000,0x0000000025160000)]
  0x00000000223a1800 JavaThread "Build operations Thread 7" [_thread_blocked, id=8848, stack(0x0000000024f60000,0x0000000025060000)]
  0x00000000223a0800 JavaThread "Build operations Thread 6" [_thread_blocked, id=13164, stack(0x0000000024e60000,0x0000000024f60000)]
  0x000000002239c800 JavaThread "Build operations Thread 5" [_thread_blocked, id=2672, stack(0x0000000024d60000,0x0000000024e60000)]
  0x000000002239f800 JavaThread "Build operations Thread 4" [_thread_blocked, id=11972, stack(0x0000000024c60000,0x0000000024d60000)]
  0x00000000223a2000 JavaThread "Build operations Thread 3" [_thread_blocked, id=10628, stack(0x0000000024b60000,0x0000000024c60000)]
  0x000000002239c000 JavaThread "Build operations Thread 2" [_thread_blocked, id=140, stack(0x0000000023190000,0x0000000023290000)]
  0x00000000223a3000 JavaThread "Build operations" [_thread_blocked, id=3568, stack(0x0000000022990000,0x0000000022a90000)]
  0x000000002400e000 JavaThread "Cache worker for cache directory md-rule (C:\Users\admin\.gradle\caches\6.5\md-rule)" [_thread_blocked, id=11696, stack(0x0000000021630000,0x0000000021730000)]
  0x0000000024009800 JavaThread "Cache worker for cache directory md-supplier (C:\Users\admin\.gradle\caches\6.5\md-supplier)" [_thread_blocked, id=11052, stack(0x0000000021530000,0x0000000021630000)]
  0x000000002400d800 JavaThread "Cache worker for checksums cache (C:\Users\admin\AndroidStudioProjects\One888\.gradle\checksums)" [_thread_blocked, id=4776, stack(0x0000000020240000,0x0000000020340000)]
  0x000000002400f000 JavaThread "Cache worker for file hash cache (C:\Users\admin\AndroidStudioProjects\One888\.gradle\6.5\fileHashes)" [_thread_blocked, id=7668, stack(0x000000001ea70000,0x000000001eb70000)]
  0x000000002400c000 JavaThread "Thread-2089" [_thread_blocked, id=6988, stack(0x000000001e970000,0x000000001ea70000)]
  0x0000000024002000 JavaThread "Stdin handler" [_thread_blocked, id=7276, stack(0x000000001e870000,0x000000001e970000)]
  0x0000000024001800 JavaThread "Asynchronous log dispatcher for DefaultDaemonConnection: socket connection from /127.0.0.1:64347 to /127.0.0.1:65005" [_thread_blocked, id=2824, stack(0x000000001e770000,0x000000001e870000)]
  0x0000000024007800 JavaThread "Cancel handler" [_thread_blocked, id=4756, stack(0x000000001de30000,0x000000001df30000)]
  0x0000000024006000 JavaThread "Handler for socket connection from /127.0.0.1:64347 to /127.0.0.1:65005" [_thread_in_native, id=4900, stack(0x000000001dd30000,0x000000001de30000)]
  0x000000002400f800 JavaThread "ForkJoinPool.commonPool-worker-2" daemon [_thread_blocked, id=12652, stack(0x0000000035430000,0x0000000035530000)]
  0x000000002400b000 JavaThread "ForkJoinPool.commonPool-worker-1" daemon [_thread_blocked, id=2176, stack(0x0000000035000000,0x0000000035100000)]
  0x0000000024003800 JavaThread "ForkJoinPool.commonPool-worker-0" daemon [_thread_blocked, id=4472, stack(0x0000000034f00000,0x0000000035000000)]
  0x0000000024004800 JavaThread "ForkJoinPool.commonPool-worker-7" daemon [_thread_blocked, id=10292, stack(0x00000000337b0000,0x00000000338b0000)]
  0x000000001f85c000 JavaThread "ForkJoinPool.commonPool-worker-3" daemon [_thread_blocked, id=10236, stack(0x0000000035100000,0x0000000035200000)]
  0x000000002239f000 JavaThread "jar transforms Thread 1288" [_thread_blocked, id=11224, stack(0x000000002b020000,0x000000002b120000)]
  0x000000002239e000 JavaThread "jar transforms Thread 1287" [_thread_blocked, id=9040, stack(0x000000002ac60000,0x000000002ad60000)]
  0x000000001fc6b800 JavaThread "jar transforms Thread 1286" [_thread_blocked, id=6628, stack(0x000000002ab60000,0x000000002ac60000)]
  0x000000001fc6a000 JavaThread "jar transforms Thread 1285" [_thread_blocked, id=13060, stack(0x000000002aa60000,0x000000002ab60000)]
  0x000000001fc6c000 JavaThread "jar transforms Thread 1284" [_thread_blocked, id=7012, stack(0x000000002a960000,0x000000002aa60000)]
  0x000000001fc69000 JavaThread "jar transforms Thread 1283" [_thread_blocked, id=12028, stack(0x000000002a860000,0x000000002a960000)]
  0x000000001fc64000 JavaThread "jar transforms Thread 1282" [_thread_blocked, id=10692, stack(0x000000002a760000,0x000000002a860000)]
  0x000000001fc68800 JavaThread "jar transforms Thread 1281" [_thread_blocked, id=11740, stack(0x000000002a660000,0x000000002a760000)]
  0x000000001fc67800 JavaThread "jar transforms Thread 1280" [_thread_blocked, id=13236, stack(0x000000002a560000,0x000000002a660000)]
  0x000000001fc67000 JavaThread "jar transforms Thread 1279" [_thread_blocked, id=5696, stack(0x000000002a460000,0x000000002a560000)]
  0x000000001fc65800 JavaThread "jar transforms Thread 1278" [_thread_blocked, id=5336, stack(0x000000002a360000,0x000000002a460000)]
  0x000000001fc6a800 JavaThread "jar transforms Thread 1277" [_thread_blocked, id=3492, stack(0x000000002a260000,0x000000002a360000)]
  0x000000001fc61000 JavaThread "jar transforms Thread 1276" [_thread_blocked, id=2008, stack(0x000000002a160000,0x000000002a260000)]
  0x000000001fc66000 JavaThread "jar transforms Thread 1275" [_thread_blocked, id=9476, stack(0x000000002a060000,0x000000002a160000)]
  0x000000001fc5e000 JavaThread "jar transforms Thread 1274" [_thread_blocked, id=12480, stack(0x0000000029f60000,0x000000002a060000)]
  0x000000001fc64800 JavaThread "jar transforms Thread 1273" [_thread_blocked, id=1908, stack(0x0000000029e60000,0x0000000029f60000)]
  0x000000001fc62800 JavaThread "jar transforms Thread 1272" [_thread_blocked, id=800, stack(0x0000000029d60000,0x0000000029e60000)]
  0x000000001fc5f800 JavaThread "jar transforms Thread 1271" [_thread_blocked, id=1904, stack(0x0000000029c60000,0x0000000029d60000)]
  0x000000001fc60000 JavaThread "jar transforms Thread 1270" [_thread_blocked, id=9428, stack(0x0000000029b60000,0x0000000029c60000)]
  0x000000001fc63000 JavaThread "jar transforms Thread 1269" [_thread_blocked, id=5908, stack(0x0000000029a60000,0x0000000029b60000)]
  0x000000001fc5d000 JavaThread "jar transforms Thread 1268" [_thread_blocked, id=2188, stack(0x0000000029960000,0x0000000029a60000)]
  0x000000001fc5e800 JavaThread "jar transforms Thread 1267" [_thread_blocked, id=8080, stack(0x0000000029860000,0x0000000029960000)]
  0x000000001fd23800 JavaThread "jar transforms Thread 1266" [_thread_blocked, id=6480, stack(0x0000000029760000,0x0000000029860000)]
  0x000000001fd22800 JavaThread "jar transforms Thread 1265" [_thread_blocked, id=11648, stack(0x0000000029660000,0x0000000029760000)]
  0x000000001fd20000 JavaThread "jar transforms Thread 1264" [_thread_blocked, id=5032, stack(0x0000000029560000,0x0000000029660000)]
  0x000000001fd1f800 JavaThread "jar transforms Thread 1263" [_thread_blocked, id=5460, stack(0x0000000029460000,0x0000000029560000)]
  0x000000001fd1e800 JavaThread "jar transforms Thread 1262" [_thread_blocked, id=8412, stack(0x0000000029360000,0x0000000029460000)]
  0x000000001fd22000 JavaThread "jar transforms Thread 1261" [_thread_blocked, id=1500, stack(0x0000000029260000,0x0000000029360000)]
  0x000000001fd21000 JavaThread "jar transforms Thread 1260" [_thread_blocked, id=8544, stack(0x0000000029160000,0x0000000029260000)]
  0x000000001fd17000 JavaThread "jar transforms Thread 1259" [_thread_blocked, id=13080, stack(0x0000000029060000,0x0000000029160000)]
  0x000000001fd16800 JavaThread "jar transforms Thread 1258" [_thread_blocked, id=2864, stack(0x0000000028f60000,0x0000000029060000)]
  0x000000001fd1b000 JavaThread "jar transforms Thread 1257" [_thread_blocked, id=13056, stack(0x0000000028e60000,0x0000000028f60000)]
  0x000000001fd18800 JavaThread "jar transforms Thread 1256" [_thread_blocked, id=3792, stack(0x0000000028d60000,0x0000000028e60000)]
  0x000000001fd1c800 JavaThread "jar transforms Thread 1255" [_thread_blocked, id=11988, stack(0x0000000028c60000,0x0000000028d60000)]
  0x000000001fd1a000 JavaThread "jar transforms Thread 1254" [_thread_blocked, id=7408, stack(0x0000000028b60000,0x0000000028c60000)]
  0x000000001fd1b800 JavaThread "jar transforms Thread 1253" [_thread_blocked, id=9112, stack(0x0000000028a60000,0x0000000028b60000)]
  0x000000001fd1d000 JavaThread "jar transforms Thread 1252" [_thread_blocked, id=100, stack(0x0000000028960000,0x0000000028a60000)]
  0x000000001fd0f000 JavaThread "jar transforms Thread 1251" [_thread_blocked, id=11288, stack(0x0000000028860000,0x0000000028960000)]
  0x000000001fd0e000 JavaThread "jar transforms Thread 1250" [_thread_blocked, id=12436, stack(0x0000000028760000,0x0000000028860000)]
  0x000000001fd10800 JavaThread "jar transforms Thread 1249" [_thread_blocked, id=3376, stack(0x0000000028660000,0x0000000028760000)]
  0x000000001fd15000 JavaThread "jar transforms Thread 1248" [_thread_blocked, id=8032, stack(0x0000000028560000,0x0000000028660000)]
  0x000000001fd12800 JavaThread "jar transforms Thread 1247" [_thread_blocked, id=3832, stack(0x0000000028460000,0x0000000028560000)]
  0x000000001fd14000 JavaThread "jar transforms Thread 1246" [_thread_blocked, id=12560, stack(0x0000000028360000,0x0000000028460000)]
  0x000000001fd13800 JavaThread "jar transforms Thread 1245" [_thread_blocked, id=11536, stack(0x0000000028260000,0x0000000028360000)]
  0x000000001fd0f800 JavaThread "jar transforms Thread 1244" [_thread_blocked, id=1984, stack(0x0000000028160000,0x0000000028260000)]
  0x000000001fd09000 JavaThread "jar transforms Thread 1243" [_thread_blocked, id=8728, stack(0x0000000028060000,0x0000000028160000)]
  0x000000001fd0d800 JavaThread "jar transforms Thread 1242" [_thread_blocked, id=3816, stack(0x0000000027f60000,0x0000000028060000)]
  0x000000001fd0c800 JavaThread "jar transforms Thread 1241" [_thread_blocked, id=4168, stack(0x0000000027e60000,0x0000000027f60000)]
  0x000000001fd0c000 JavaThread "jar transforms Thread 1240" [_thread_blocked, id=9176, stack(0x0000000027d60000,0x0000000027e60000)]
  0x000000001fd04800 JavaThread "jar transforms Thread 1239" [_thread_blocked, id=5020, stack(0x0000000027c60000,0x0000000027d60000)]
  0x000000001fd05000 JavaThread "jar transforms Thread 1238" [_thread_blocked, id=13012, stack(0x0000000027b60000,0x0000000027c60000)]
  0x000000001fd0a800 JavaThread "jar transforms Thread 1237" [_thread_blocked, id=4204, stack(0x0000000027a60000,0x0000000027b60000)]
  0x000000001fd08000 JavaThread "jar transforms Thread 1236" [_thread_blocked, id=6680, stack(0x0000000027960000,0x0000000027a60000)]
  0x000000001fd07800 JavaThread "jar transforms Thread 1235" [_thread_blocked, id=4780, stack(0x0000000027860000,0x0000000027960000)]
  0x000000001fd09800 JavaThread "jar transforms Thread 1234" [_thread_blocked, id=3380, stack(0x0000000027760000,0x0000000027860000)]
  0x000000001fd06800 JavaThread "jar transforms Thread 1233" [_thread_blocked, id=1780, stack(0x0000000027660000,0x0000000027760000)]
  0x000000001fd0b000 JavaThread "jar transforms Thread 1232" [_thread_blocked, id=852, stack(0x0000000027560000,0x0000000027660000)]
  0x000000001fd06000 JavaThread "jar transforms Thread 1231" [_thread_blocked, id=11808, stack(0x0000000027460000,0x0000000027560000)]
  0x000000003d559000 JavaThread "jar transforms Thread 1230" [_thread_blocked, id=12280, stack(0x0000000027360000,0x0000000027460000)]
  0x000000003d558800 JavaThread "jar transforms Thread 1229" [_thread_blocked, id=5056, stack(0x0000000027260000,0x0000000027360000)]
  0x000000003d557800 JavaThread "jar transforms Thread 1228" [_thread_blocked, id=12636, stack(0x0000000027160000,0x0000000027260000)]
  0x000000003d557000 JavaThread "jar transforms Thread 1227" [_thread_blocked, id=4084, stack(0x0000000027060000,0x0000000027160000)]
  0x000000003d54f800 JavaThread "jar transforms Thread 1226" [_thread_blocked, id=4504, stack(0x0000000026f60000,0x0000000027060000)]
  0x000000003d556000 JavaThread "jar transforms Thread 1225" [_thread_blocked, id=4440, stack(0x0000000026e60000,0x0000000026f60000)]
  0x000000003d551800 JavaThread "jar transforms Thread 1224" [_thread_blocked, id=12572, stack(0x0000000026d60000,0x0000000026e60000)]
  0x000000003d54e800 JavaThread "jar transforms Thread 1223" [_thread_blocked, id=10384, stack(0x0000000026c60000,0x0000000026d60000)]
  0x000000003d555800 JavaThread "jar transforms Thread 1222" [_thread_blocked, id=12544, stack(0x0000000026b60000,0x0000000026c60000)]
  0x000000003d551000 JavaThread "jar transforms Thread 1221" [_thread_blocked, id=4300, stack(0x0000000026a60000,0x0000000026b60000)]
  0x000000003d554800 JavaThread "jar transforms Thread 1220" [_thread_blocked, id=2984, stack(0x0000000026960000,0x0000000026a60000)]
  0x000000003d553000 JavaThread "jar transforms Thread 1219" [_thread_blocked, id=2572, stack(0x0000000026860000,0x0000000026960000)]
  0x000000003d552800 JavaThread "jar transforms Thread 1218" [_thread_blocked, id=8828, stack(0x0000000026760000,0x0000000026860000)]
  0x000000003d554000 JavaThread "jar transforms Thread 1217" [_thread_blocked, id=6156, stack(0x0000000026660000,0x0000000026760000)]
  0x000000003d546800 JavaThread "jar transforms Thread 1216" [_thread_blocked, id=7076, stack(0x0000000026560000,0x0000000026660000)]
  0x000000003d54d000 JavaThread "jar transforms Thread 1215" [_thread_blocked, id=2580, stack(0x0000000026460000,0x0000000026560000)]
  0x000000003d54b000 JavaThread "jar transforms Thread 1214" [_thread_blocked, id=6292, stack(0x0000000026360000,0x0000000026460000)]
  0x000000003d54b800 JavaThread "jar transforms Thread 1213" [_thread_blocked, id=1992, stack(0x0000000026260000,0x0000000026360000)]
  0x000000003d548800 JavaThread "jar transforms Thread 1212" [_thread_blocked, id=13092, stack(0x0000000026160000,0x0000000026260000)]
  0x000000003d545800 JavaThread "jar transforms Thread 1211" [_thread_blocked, id=6044, stack(0x0000000026060000,0x0000000026160000)]
  0x000000003d549800 JavaThread "jar transforms Thread 1210" [_thread_blocked, id=2868, stack(0x0000000025f60000,0x0000000026060000)]
  0x000000003d54a000 JavaThread "jar transforms Thread 1209" [_thread_blocked, id=10352, stack(0x0000000025e60000,0x0000000025f60000)]
  0x000000003d54c800 JavaThread "jar transforms Thread 1208" [_thread_blocked, id=4944, stack(0x0000000025d60000,0x0000000025e60000)]
  0x000000003d548000 JavaThread "jar transforms Thread 1207" [_thread_blocked, id=11736, stack(0x0000000025c60000,0x0000000025d60000)]
  0x000000003d547000 JavaThread "jar transforms Thread 1206" [_thread_blocked, id=13240, stack(0x0000000025b60000,0x0000000025c60000)]
  0x000000003d545000 JavaThread "jar transforms Thread 1205" [_thread_blocked, id=12392, stack(0x0000000025a60000,0x0000000025b60000)]
  0x000000003d53c800 JavaThread "jar transforms Thread 1204" [_thread_blocked, id=7292, stack(0x0000000025960000,0x0000000025a60000)]
  0x000000003d543800 JavaThread "jar transforms Thread 1203" [_thread_blocked, id=1304, stack(0x0000000025860000,0x0000000025960000)]
  0x000000003d542800 JavaThread "jar transforms Thread 1202" [_thread_blocked, id=5440, stack(0x0000000025760000,0x0000000025860000)]
  0x000000003d542000 JavaThread "jar transforms Thread 1201" [_thread_blocked, id=12476, stack(0x0000000025660000,0x0000000025760000)]
  0x000000003d53f000 JavaThread "jar transforms Thread 1200" [_thread_blocked, id=11920, stack(0x0000000025560000,0x0000000025660000)]
  0x000000003d53b000 JavaThread "jar transforms Thread 1199" [_thread_blocked, id=8644, stack(0x0000000025460000,0x0000000025560000)]
  0x000000003d53a800 JavaThread "jar transforms Thread 1198" [_thread_blocked, id=12848, stack(0x0000000025360000,0x0000000025460000)]
  0x000000003d541000 JavaThread "jar transforms Thread 1197" [_thread_blocked, id=10268, stack(0x0000000025260000,0x0000000025360000)]
  0x0000000024003000 JavaThread "Daemon worker Thread 14" [_thread_blocked, id=2504, stack(0x000000001e470000,0x000000001e570000)]
  0x0000000024005000 JavaThread "Daemon Thread 14" [_thread_blocked, id=8976, stack(0x0000000001480000,0x0000000001580000)]
  0x000000001fd15800 JavaThread "Cache worker for Java compile cache (C:\Users\admin\.gradle\caches\6.5\javaCompile)" [_thread_blocked, id=3084, stack(0x0000000035b20000,0x0000000035c20000)]
  0x000000002f9c0800 JavaThread "MarlinRenderer Disposer" daemon [_thread_blocked, id=11212, stack(0x00000000311f0000,0x00000000312f0000)]
  0x000000002f9c7800 JavaThread "Java2D Disposer" daemon [_thread_blocked, id=1672, stack(0x00000000308f0000,0x00000000309f0000)]
  0x0000000023897000 JavaThread "Memory manager" [_thread_blocked, id=12752, stack(0x000000002c120000,0x000000002c220000)]
  0x000000001d329800 JavaThread "Cache worker for file content cache (C:\Users\admin\.gradle\caches\6.5\fileContent)" [_thread_blocked, id=9992, stack(0x0000000023290000,0x0000000023390000)]
  0x000000001d32f800 JavaThread "Cache worker for execution history cache (C:\Users\admin\.gradle\caches\6.5\executionHistory)" [_thread_blocked, id=9588, stack(0x0000000022a90000,0x0000000022b90000)]
  0x000000001d32e000 JavaThread "Cache worker for file hash cache (C:\Users\admin\.gradle\caches\6.5\fileHashes)" [_thread_blocked, id=12208, stack(0x000000001ef70000,0x000000001f070000)]
  0x000000001d32f000 JavaThread "File lock request listener" [_thread_in_native, id=7448, stack(0x000000001ee70000,0x000000001ef70000)]
  0x000000001b562000 JavaThread "Cache worker for journal cache (C:\Users\admin\.gradle\caches\journal-1)" [_thread_blocked, id=3320, stack(0x000000001ed70000,0x000000001ee70000)]
  0x000000001cf78800 JavaThread "Daemon periodic checks" [_thread_blocked, id=1944, stack(0x000000001e170000,0x000000001e270000)]
  0x000000001cf58000 JavaThread "Incoming local TCP Connector on port 64347" [_thread_in_native, id=11748, stack(0x000000001df30000,0x000000001e030000)]
  0x000000001cef4800 JavaThread "Daemon health stats" [_thread_blocked, id=10856, stack(0x000000001dc30000,0x000000001dd30000)]
  0x000000001a493800 JavaThread "Service Thread" daemon [_thread_blocked, id=11660, stack(0x000000001b090000,0x000000001b190000)]
  0x000000001a404800 JavaThread "C1 CompilerThread3" daemon [_thread_blocked, id=8424, stack(0x000000001af90000,0x000000001b090000)]
  0x000000001a3ff000 JavaThread "C2 CompilerThread2" daemon [_thread_in_native, id=10848, stack(0x000000001ae90000,0x000000001af90000)]
=>0x000000001a3f2000 JavaThread "C2 CompilerThread1" daemon [_thread_in_native, id=9252, stack(0x000000001ad90000,0x000000001ae90000)]
  0x000000001a3f0000 JavaThread "C2 CompilerThread0" daemon [_thread_in_native, id=8740, stack(0x000000001ac90000,0x000000001ad90000)]
  0x000000001a3ef000 JavaThread "Attach Listener" daemon [_thread_blocked, id=12044, stack(0x000000001ab90000,0x000000001ac90000)]
  0x000000001a39b000 JavaThread "Signal Dispatcher" daemon [_thread_blocked, id=9504, stack(0x000000001aa90000,0x000000001ab90000)]
  0x000000000352e000 JavaThread "Finalizer" daemon [_thread_blocked, id=1472, stack(0x000000001a860000,0x000000001a960000)]
  0x0000000003527000 JavaThread "Reference Handler" daemon [_thread_blocked, id=788, stack(0x000000001a760000,0x000000001a860000)]
  0x0000000000fde000 JavaThread "main" [_thread_blocked, id=7924, stack(0x0000000003330000,0x0000000003430000)]

Other Threads:
  0x0000000018596000 VMThread [stack: 0x000000001a260000,0x000000001a360000] [id=7036]
  0x000000001a494800 WatcherThread [stack: 0x000000001b190000,0x000000001b290000] [id=11216]

VM state:not at safepoint (normal execution)

VM Mutex/Monitor currently owned by a thread: None

heap address: 0x0000000080000000, size: 2048 MB, Compressed Oops mode: 32-bit
Narrow klass base: 0x0000000000000000, Narrow klass shift: 3
Compressed class space size: 1073741824 Address: 0x0000000100000000

Heap:
 PSYoungGen      total 567296K, used 434789K [0x00000000d5580000, 0x00000000ff900000, 0x0000000100000000)
  eden space 454144K, 84% used [0x00000000d5580000,0x00000000ecdd0f40,0x00000000f1100000)
  from space 113152K, 43% used [0x00000000f1100000,0x00000000f4148810,0x00000000f7f80000)
  to   space 110592K, 0% used [0x00000000f8d00000,0x00000000f8d00000,0x00000000ff900000)
 ParOldGen       total 394752K, used 259134K [0x0000000080000000, 0x0000000098180000, 0x00000000d5580000)
  object space 394752K, 65% used [0x0000000080000000,0x000000008fd0f898,0x0000000098180000)
 Metaspace       used 123101K, capacity 133135K, committed 133416K, reserved 1165312K
  class space    used 15645K, capacity 17336K, committed 17456K, reserved 1048576K

Card table byte_map: [0x00000000128f0000,0x0000000012d00000] byte_map_base: 0x00000000124f0000

Marking Bits: (ParMarkBitMap*) 0x00000000540bf030
 Begin Bits: [0x00000000137b0000, 0x00000000157b0000)
 End Bits:   [0x00000000157b0000, 0x00000000177b0000)

Polling page: 0x0000000001290000

CodeCache: size=245760Kb used=96162Kb max_used=100007Kb free=149597Kb
 bounds [0x0000000003530000, 0x0000000009790000, 0x0000000012530000]
 total_blobs=28022 nmethods=26977 adapters=955
 compilation: enabled

Compilation events (10 events):
Event: 3299.249 Thread 0x000000001a3f2000 nmethod 38789 0x0000000006b93050 code [0x0000000006b93c40, 0x0000000006b99e08]
Event: 3299.249 Thread 0x000000001a3f2000 38773       4       com.android.tools.r8.ir.conversion.N::a (866 bytes)
Event: 3299.259 Thread 0x000000001a404800 38880 %     3       com.android.tools.r8.utils.D0::a @ 21 (52 bytes)
Event: 3299.259 Thread 0x000000001a404800 nmethod 38880% 0x0000000004a30590 code [0x0000000004a30760, 0x0000000004a30ee8]
Event: 3299.338 Thread 0x000000001a404800 38884       2       com.android.tools.r8.s.b.X::a (17 bytes)
Event: 3299.339 Thread 0x000000001a404800 nmethod 38884 0x0000000005f2b510 code [0x0000000005f2b680, 0x0000000005f2b888]
Event: 3299.427 Thread 0x000000001a3f0000 nmethod 38807 0x0000000006b31410 code [0x0000000006b32020, 0x0000000006b3a388]
Event: 3299.428 Thread 0x000000001a3f0000 38866 %     4       com.android.tools.r8.ir.optimize.a0::a @ 140 (1308 bytes)
Event: 3299.439 Thread 0x000000001a404800 38886       3       java.util.HashMap$TreeNode::balanceInsertion (245 bytes)
Event: 3299.440 Thread 0x000000001a404800 nmethod 38886 0x0000000007b9c710 code [0x0000000007b9c940, 0x0000000007b9d2f8]

GC Heap History (10 events):
Event: 3005.482 GC heap before
{Heap before GC invocations=62 (full 5):
 PSYoungGen      total 569344K, used 499596K [0x00000000d5580000, 0x0000000100000000, 0x0000000100000000)
  eden space 433152K, 100% used [0x00000000d5580000,0x00000000efc80000,0x00000000efc80000)
  from space 136192K, 48% used [0x00000000f7b00000,0x00000000fbbe32a8,0x0000000100000000)
  to   space 129536K, 0% used [0x00000000efc80000,0x00000000efc80000,0x00000000f7b00000)
 ParOldGen       total 394752K, used 256749K [0x0000000080000000, 0x0000000098180000, 0x00000000d5580000)
  object space 394752K, 65% used [0x0000000080000000,0x000000008fabb5a0,0x0000000098180000)
 Metaspace       used 122747K, capacity 132609K, committed 132776K, reserved 1165312K
  class space    used 15629K, capacity 17315K, committed 17328K, reserved 1048576K
Event: 3005.517 GC heap after
Heap after GC invocations=62 (full 5):
 PSYoungGen      total 484352K, used 50872K [0x00000000d5580000, 0x00000000ff280000, 0x0000000100000000)
  eden space 433152K, 0% used [0x00000000d5580000,0x00000000d5580000,0x00000000efc80000)
  from space 51200K, 99% used [0x00000000efc80000,0x00000000f2e2e188,0x00000000f2e80000)
  to   space 125952K, 0% used [0x00000000f7780000,0x00000000f7780000,0x00000000ff280000)
 ParOldGen       total 394752K, used 259118K [0x0000000080000000, 0x0000000098180000, 0x00000000d5580000)
  object space 394752K, 65% used [0x0000000080000000,0x000000008fd0b898,0x0000000098180000)
 Metaspace       used 122747K, capacity 132609K, committed 132776K, reserved 1165312K
  class space    used 15629K, capacity 17315K, committed 17328K, reserved 1048576K
}
Event: 3006.795 GC heap before
{Heap before GC invocations=63 (full 5):
 PSYoungGen      total 484352K, used 484024K [0x00000000d5580000, 0x00000000ff280000, 0x0000000100000000)
  eden space 433152K, 100% used [0x00000000d5580000,0x00000000efc80000,0x00000000efc80000)
  from space 51200K, 99% used [0x00000000efc80000,0x00000000f2e2e188,0x00000000f2e80000)
  to   space 125952K, 0% used [0x00000000f7780000,0x00000000f7780000,0x00000000ff280000)
 ParOldGen       total 394752K, used 259118K [0x0000000080000000, 0x0000000098180000, 0x00000000d5580000)
  object space 394752K, 65% used [0x0000000080000000,0x000000008fd0b898,0x0000000098180000)
 Metaspace       used 122808K, capacity 132681K, committed 132776K, reserved 1165312K
  class space    used 15630K, capacity 17315K, committed 17328K, reserved 1048576K
Event: 3006.833 GC heap after
Heap after GC invocations=63 (full 5):
 PSYoungGen      total 564224K, used 62931K [0x00000000d5580000, 0x0000000100000000, 0x0000000100000000)
  eden space 438272K, 0% used [0x00000000d5580000,0x00000000d5580000,0x00000000f0180000)
  from space 125952K, 49% used [0x00000000f7780000,0x00000000fb4f4ed0,0x00000000ff280000)
  to   space 120832K, 0% used [0x00000000f0180000,0x00000000f0180000,0x00000000f7780000)
 ParOldGen       total 394752K, used 259126K [0x0000000080000000, 0x0000000098180000, 0x00000000d5580000)
  object space 394752K, 65% used [0x0000000080000000,0x000000008fd0d898,0x0000000098180000)
 Metaspace       used 122808K, capacity 132681K, committed 132776K, reserved 1165312K
  class space    used 15630K, capacity 17315K, committed 17328K, reserved 1048576K
}
Event: 3126.433 GC heap before
{Heap before GC invocations=64 (full 5):
 PSYoungGen      total 564224K, used 501203K [0x00000000d5580000, 0x0000000100000000, 0x0000000100000000)
  eden space 438272K, 100% used [0x00000000d5580000,0x00000000f0180000,0x00000000f0180000)
  from space 125952K, 49% used [0x00000000f7780000,0x00000000fb4f4ed0,0x00000000ff280000)
  to   space 120832K, 0% used [0x00000000f0180000,0x00000000f0180000,0x00000000f7780000)
 ParOldGen       total 394752K, used 259126K [0x0000000080000000, 0x0000000098180000, 0x00000000d5580000)
  object space 394752K, 65% used [0x0000000080000000,0x000000008fd0d898,0x0000000098180000)
 Metaspace       used 122872K, capacity 132809K, committed 133032K, reserved 1165312K
  class space    used 15637K, capacity 17325K, committed 17328K, reserved 1048576K
Event: 3126.483 GC heap after
Heap after GC invocations=64 (full 5):
 PSYoungGen      total 559104K, used 65413K [0x00000000d5580000, 0x00000000ff000000, 0x0000000100000000)
  eden space 438272K, 0% used [0x00000000d5580000,0x00000000d5580000,0x00000000f0180000)
  from space 120832K, 54% used [0x00000000f0180000,0x00000000f4161700,0x00000000f7780000)
  to   space 115200K, 0% used [0x00000000f7f80000,0x00000000f7f80000,0x00000000ff000000)
 ParOldGen       total 394752K, used 259126K [0x0000000080000000, 0x0000000098180000, 0x00000000d5580000)
  object space 394752K, 65% used [0x0000000080000000,0x000000008fd0d898,0x0000000098180000)
 Metaspace       used 122872K, capacity 132809K, committed 133032K, reserved 1165312K
  class space    used 15637K, capacity 17325K, committed 17328K, reserved 1048576K
}
Event: 3241.421 GC heap before
{Heap before GC invocations=65 (full 5):
 PSYoungGen      total 559104K, used 503685K [0x00000000d5580000, 0x00000000ff000000, 0x0000000100000000)
  eden space 438272K, 100% used [0x00000000d5580000,0x00000000f0180000,0x00000000f0180000)
  from space 120832K, 54% used [0x00000000f0180000,0x00000000f4161700,0x00000000f7780000)
  to   space 115200K, 0% used [0x00000000f7f80000,0x00000000f7f80000,0x00000000ff000000)
 ParOldGen       total 394752K, used 259126K [0x0000000080000000, 0x0000000098180000, 0x00000000d5580000)
  object space 394752K, 65% used [0x0000000080000000,0x000000008fd0d898,0x0000000098180000)
 Metaspace       used 122974K, capacity 133049K, committed 133416K, reserved 1165312K
  class space    used 15643K, capacity 17333K, committed 17456K, reserved 1048576K
Event: 3241.448 GC heap after
Heap after GC invocations=65 (full 5):
 PSYoungGen      total 569344K, used 47969K [0x00000000d5580000, 0x00000000ff680000, 0x0000000100000000)
  eden space 454144K, 0% used [0x00000000d5580000,0x00000000d5580000,0x00000000f1100000)
  from space 115200K, 41% used [0x00000000f7f80000,0x00000000fae58790,0x00000000ff000000)
  to   space 113152K, 0% used [0x00000000f1100000,0x00000000f1100000,0x00000000f7f80000)
 ParOldGen       total 394752K, used 259134K [0x0000000080000000, 0x0000000098180000, 0x00000000d5580000)
  object space 394752K, 65% used [0x0000000080000000,0x000000008fd0f898,0x0000000098180000)
 Metaspace       used 122974K, capacity 133049K, committed 133416K, reserved 1165312K
  class space    used 15643K, capacity 17333K, committed 17456K, reserved 1048576K
}
Event: 3298.575 GC heap before
{Heap before GC invocations=66 (full 5):
 PSYoungGen      total 569344K, used 502113K [0x00000000d5580000, 0x00000000ff680000, 0x0000000100000000)
  eden space 454144K, 100% used [0x00000000d5580000,0x00000000f1100000,0x00000000f1100000)
  from space 115200K, 41% used [0x00000000f7f80000,0x00000000fae58790,0x00000000ff000000)
  to   space 113152K, 0% used [0x00000000f1100000,0x00000000f1100000,0x00000000f7f80000)
 ParOldGen       total 394752K, used 259134K [0x0000000080000000, 0x0000000098180000, 0x00000000d5580000)
  object space 394752K, 65% used [0x0000000080000000,0x000000008fd0f898,0x0000000098180000)
 Metaspace       used 123088K, capacity 133135K, committed 133416K, reserved 1165312K
  class space    used 15645K, capacity 17336K, committed 17456K, reserved 1048576K
Event: 3298.611 GC heap after
Heap after GC invocations=66 (full 5):
 PSYoungGen      total 567296K, used 49442K [0x00000000d5580000, 0x00000000ff900000, 0x0000000100000000)
  eden space 454144K, 0% used [0x00000000d5580000,0x00000000d5580000,0x00000000f1100000)
  from space 113152K, 43% used [0x00000000f1100000,0x00000000f4148810,0x00000000f7f80000)
  to   space 110592K, 0% used [0x00000000f8d00000,0x00000000f8d00000,0x00000000ff900000)
 ParOldGen       total 394752K, used 259134K [0x0000000080000000, 0x0000000098180000, 0x00000000d5580000)
  object space 394752K, 65% used [0x0000000080000000,0x000000008fd0f898,0x0000000098180000)
 Metaspace       used 123088K, capacity 133135K, committed 133416K, reserved 1165312K
  class space    used 15645K, capacity 17336K, committed 17456K, reserved 1048576K
}

Deoptimization events (10 events):
Event: 3006.488 Thread 0x000000002239d800 Uncommon trap: reason=array_check action=maybe_recompile pc=0x0000000005bdfa60 method=java.util.ComparableTimSort.mergeLo(IIII)V @ 587
Event: 3006.490 Thread 0x000000002239d800 Uncommon trap: reason=array_check action=maybe_recompile pc=0x0000000005850d54 method=java.util.ComparableTimSort.mergeLo(IIII)V @ 587
Event: 3006.531 Thread 0x000000002239d800 Uncommon trap: reason=null_check action=make_not_entrant pc=0x0000000009468a44 method=com.sun.tools.javac.code.Types.closure(Lcom/sun/tools/javac/code/Type;)Lcom/sun/tools/javac/util/List; @ 10
Event: 3006.918 Thread 0x00000000223a6800 Uncommon trap: reason=unstable_if action=reinterpret pc=0x0000000009464384 method=java.util.concurrent.ForkJoinTask.externalInterruptibleAwaitDone()I @ 91
Event: 3007.669 Thread 0x0000000024003000 Uncommon trap: reason=unstable_if action=reinterpret pc=0x0000000005ee96e8 method=java.math.MutableBigInteger.mul(ILjava/math/MutableBigInteger;)V @ 12
Event: 3126.391 Thread 0x00000000223a3800 Uncommon trap: reason=unstable_if action=reinterpret pc=0x0000000004445284 method=com.sun.org.apache.xerces.internal.dom.DeferredDocumentImpl.getChunkIndex([[III)I @ 3
Event: 3127.874 Thread 0x00000000223a0800 Uncommon trap: reason=unstable_if action=reinterpret pc=0x00000000065e1038 method=java.util.HashMap$HashMapSpliterator.getFence()I @ 37
Event: 3240.165 Thread 0x0000000024009800 Uncommon trap: reason=class_check action=maybe_recompile pc=0x0000000006e361bc method=com.google.common.cache.LocalCache$Segment.get(Ljava/lang/Object;ILcom/google/common/cache/CacheLoader;)Ljava/lang/Object; @ 108
Event: 3240.352 Thread 0x000000003d53d800 Uncommon trap: reason=unstable_if action=reinterpret pc=0x0000000008655850 method=java.util.concurrent.ConcurrentHashMap.putVal(Ljava/lang/Object;Ljava/lang/Object;Z)Ljava/lang/Object; @ 147
Event: 3298.627 Thread 0x0000000024003000 Uncommon trap: reason=null_check action=make_not_entrant pc=0x0000000004ff5cf8 method=java.lang.ThreadLocal$ThreadLocalMap.set(Ljava/lang/ThreadLocal;Ljava/lang/Object;)V @ 36

Classes redefined (0 events):
No events

Internal exceptions (10 events):
Event: 3298.241 Thread 0x0000000024003000 Exception <a 'sun/nio/fs/WindowsException'> (0x00000000e90381a0) thrown at [C:\src\AOSP-openjdk-git\hotspot\src\share\vm\prims\jni.cpp, line 710]
Event: 3298.488 Thread 0x00000000223a9800 Exception <a 'sun/nio/fs/WindowsException'> (0x00000000edcbc6c8) thrown at [C:\src\AOSP-openjdk-git\hotspot\src\share\vm\prims\jni.cpp, line 710]
Event: 3298.488 Thread 0x00000000223a9800 Exception <a 'sun/nio/fs/WindowsException'> (0x00000000edcbd3c8) thrown at [C:\src\AOSP-openjdk-git\hotspot\src\share\vm\prims\jni.cpp, line 710]
Event: 3298.488 Thread 0x00000000223a9800 Exception <a 'sun/nio/fs/WindowsException'> (0x00000000edcc0bf8) thrown at [C:\src\AOSP-openjdk-git\hotspot\src\share\vm\prims\jni.cpp, line 710]
Event: 3298.488 Thread 0x00000000223a9800 Exception <a 'sun/nio/fs/WindowsException'> (0x00000000edcc1938) thrown at [C:\src\AOSP-openjdk-git\hotspot\src\share\vm\prims\jni.cpp, line 710]
Event: 3298.489 Thread 0x00000000223a9800 Exception <a 'sun/nio/fs/WindowsException'> (0x00000000edcc3810) thrown at [C:\src\AOSP-openjdk-git\hotspot\src\share\vm\prims\jni.cpp, line 710]
Event: 3298.489 Thread 0x00000000223a9800 Exception <a 'sun/nio/fs/WindowsException'> (0x00000000edcc4560) thrown at [C:\src\AOSP-openjdk-git\hotspot\src\share\vm\prims\jni.cpp, line 710]
Event: 3298.524 Thread 0x00000000223a9800 Exception <a 'sun/nio/fs/WindowsException'> (0x00000000eeab60e0) thrown at [C:\src\AOSP-openjdk-git\hotspot\src\share\vm\prims\jni.cpp, line 710]
Event: 3298.524 Thread 0x00000000223a9800 Exception <a 'sun/nio/fs/WindowsException'> (0x00000000eeab6e00) thrown at [C:\src\AOSP-openjdk-git\hotspot\src\share\vm\prims\jni.cpp, line 710]
Event: 3298.627 Thread 0x0000000024003000 Implicit null exception at 0x0000000004ff53ee to 0x0000000004ff5cc9

Events (10 events):
Event: 3298.843 Thread 0x000000001f85b800 DEOPT PACKING pc=0x0000000007348b11 sp=0x000000003326cc40
Event: 3298.843 Thread 0x000000001f85b800 DEOPT UNPACKING pc=0x00000000035775d0 sp=0x000000003326ca00 mode 0
Event: 3298.889 Thread 0x000000001f85b800 DEOPT PACKING pc=0x00000000073cf36e sp=0x000000003326cef0
Event: 3298.889 Thread 0x000000001f85b800 DEOPT UNPACKING pc=0x00000000035775d0 sp=0x000000003326cd70 mode 0
Event: 3299.163 Thread 0x000000001f85b800 DEOPT PACKING pc=0x0000000007348b11 sp=0x000000003326cc40
Event: 3299.163 Thread 0x000000001f85b800 DEOPT UNPACKING pc=0x00000000035775d0 sp=0x000000003326ca00 mode 0
Event: 3299.307 Thread 0x000000001f85b800 DEOPT PACKING pc=0x0000000006e99d77 sp=0x000000003326d180
Event: 3299.307 Thread 0x000000001f85b800 DEOPT UNPACKING pc=0x00000000035775d0 sp=0x000000003326cfd0 mode 0
Event: 3299.440 Thread 0x000000001f85b800 DEOPT PACKING pc=0x0000000007348b11 sp=0x000000003326cbc0
Event: 3299.440 Thread 0x000000001f85b800 DEOPT UNPACKING pc=0x00000000035775d0 sp=0x000000003326c980 mode 0


Dynamic libraries:
0x00007ff6ad120000 - 0x00007ff6ad151000 	C:\Program Files\Android\Android Studio\jre\bin\java.exe
0x00007ffa042e0000 - 0x00007ffa044d0000 	C:\WINDOWS\SYSTEM32\ntdll.dll
0x00007ffa03990000 - 0x00007ffa03a42000 	C:\WINDOWS\System32\KERNEL32.DLL
0x00007ffa02090000 - 0x00007ffa02335000 	C:\WINDOWS\System32\KERNELBASE.dll
0x00007ffa032f0000 - 0x00007ffa03393000 	C:\WINDOWS\System32\ADVAPI32.dll
0x00007ffa03410000 - 0x00007ffa034ae000 	C:\WINDOWS\System32\msvcrt.dll
0x00007ffa038f0000 - 0x00007ffa03987000 	C:\WINDOWS\System32\sechost.dll
0x00007ffa024e0000 - 0x00007ffa025ff000 	C:\WINDOWS\System32\RPCRT4.dll
0x00007ffa034b0000 - 0x00007ffa03644000 	C:\WINDOWS\System32\USER32.dll
0x00007ffa01250000 - 0x00007ffa01271000 	C:\WINDOWS\System32\win32u.dll
0x00007ffa036b0000 - 0x00007ffa036d6000 	C:\WINDOWS\System32\GDI32.dll
0x00007ffa01ab0000 - 0x00007ffa01c48000 	C:\WINDOWS\System32\gdi32full.dll
0x00007ffa01d90000 - 0x00007ffa01e2e000 	C:\WINDOWS\System32\msvcp_win.dll
0x00007ffa01f90000 - 0x00007ffa0208a000 	C:\WINDOWS\System32\ucrtbase.dll
0x00007ffa00610000 - 0x00007ffa00894000 	C:\WINDOWS\WinSxS\amd64_microsoft.windows.common-controls_6595b64144ccf1df_6.0.18362.1440_none_9e7dbfb9e45e8e67\COMCTL32.dll
0x00007ffa02f40000 - 0x00007ffa03276000 	C:\WINDOWS\System32\combase.dll
0x00007ffa01c50000 - 0x00007ffa01cd1000 	C:\WINDOWS\System32\bcryptPrimitives.dll
0x00007ffa02cf0000 - 0x00007ffa02d1e000 	C:\WINDOWS\System32\IMM32.DLL
0x00000000533a0000 - 0x0000000053472000 	C:\Program Files\Android\Android Studio\jre\jre\bin\msvcr100.dll
0x00000000538f0000 - 0x000000005413b000 	C:\Program Files\Android\Android Studio\jre\jre\bin\server\jvm.dll
0x00007ffa03280000 - 0x00007ffa03288000 	C:\WINDOWS\System32\PSAPI.DLL
0x00007ff9ff600000 - 0x00007ff9ff60a000 	C:\WINDOWS\SYSTEM32\VERSION.dll
0x00007ff9ea360000 - 0x00007ff9ea369000 	C:\WINDOWS\SYSTEM32\WSOCK32.dll
0x00007ff9fe910000 - 0x00007ff9fe934000 	C:\WINDOWS\SYSTEM32\WINMM.dll
0x00007ffa03b90000 - 0x00007ffa03bff000 	C:\WINDOWS\System32\WS2_32.dll
0x00007ff9fe8b0000 - 0x00007ff9fe8dd000 	C:\WINDOWS\SYSTEM32\winmmbase.dll
0x00007ffa02340000 - 0x00007ffa0238a000 	C:\WINDOWS\System32\cfgmgr32.dll
0x00007ff9ee550000 - 0x00007ff9ee55f000 	C:\Program Files\Android\Android Studio\jre\jre\bin\verify.dll
0x00007ff9d0680000 - 0x00007ff9d06a9000 	C:\Program Files\Android\Android Studio\jre\jre\bin\java.dll
0x00007ff9ddf90000 - 0x00007ff9ddfa6000 	C:\Program Files\Android\Android Studio\jre\jre\bin\zip.dll
0x00007ffa02600000 - 0x00007ffa02ce8000 	C:\WINDOWS\System32\SHELL32.dll
0x00007ffa02410000 - 0x00007ffa024b7000 	C:\WINDOWS\System32\shcore.dll
0x00007ffa012b0000 - 0x00007ffa01a2b000 	C:\WINDOWS\System32\windows.storage.dll
0x00007ffa01210000 - 0x00007ffa0122e000 	C:\WINDOWS\System32\profapi.dll
0x00007ffa011a0000 - 0x00007ffa011ea000 	C:\WINDOWS\System32\powrprof.dll
0x00007ffa01190000 - 0x00007ffa011a0000 	C:\WINDOWS\System32\UMPDC.dll
0x00007ffa03290000 - 0x00007ffa032e2000 	C:\WINDOWS\System32\shlwapi.dll
0x00007ffa011f0000 - 0x00007ffa01201000 	C:\WINDOWS\System32\kernel.appcore.dll
0x00007ffa01a90000 - 0x00007ffa01aa7000 	C:\WINDOWS\System32\cryptsp.dll
0x00007ff9cf0d0000 - 0x00007ff9cf0ea000 	C:\Program Files\Android\Android Studio\jre\jre\bin\net.dll
0x00007ffa00480000 - 0x00007ffa004e7000 	C:\WINDOWS\system32\mswsock.dll
0x00007ff9cee20000 - 0x00007ff9cee33000 	C:\Program Files\Android\Android Studio\jre\jre\bin\nio.dll
0x00007ff9fc2a0000 - 0x00007ff9fc2c7000 	C:\Users\admin\.gradle\native\f6784746aeab05261644944871eae4fe03e0ef1612fff0a4a95f87b438bc6780\windows-amd64\native-platform.dll
0x00007ff9ee400000 - 0x00007ff9ee40d000 	C:\Program Files\Android\Android Studio\jre\jre\bin\management.dll
0x00007ff9ffe70000 - 0x00007ff9ffea3000 	C:\WINDOWS\system32\rsaenh.dll
0x00007ffa01280000 - 0x00007ffa012a6000 	C:\WINDOWS\System32\bcrypt.dll
0x00007ffa01070000 - 0x00007ffa01095000 	C:\WINDOWS\SYSTEM32\USERENV.dll
0x00007ffa00560000 - 0x00007ffa0056c000 	C:\WINDOWS\SYSTEM32\CRYPTBASE.dll
0x00007ffa00000000 - 0x00007ffa0003a000 	C:\WINDOWS\SYSTEM32\IPHLPAPI.DLL
0x00007ffa02d20000 - 0x00007ffa02d28000 	C:\WINDOWS\System32\NSI.dll
0x00007ff9fa030000 - 0x00007ff9fa046000 	C:\WINDOWS\SYSTEM32\dhcpcsvc6.DLL
0x00007ff9f9ff0000 - 0x00007ff9fa00c000 	C:\WINDOWS\SYSTEM32\dhcpcsvc.DLL
0x00007ffa00040000 - 0x00007ffa0010b000 	C:\WINDOWS\SYSTEM32\DNSAPI.dll
0x00007ff9fa190000 - 0x00007ff9fa19b000 	C:\WINDOWS\SYSTEM32\WINNSI.DLL
0x00007ffa00ed0000 - 0x00007ffa00f01000 	C:\WINDOWS\SYSTEM32\ntmarta.dll
0x00007ff9b4620000 - 0x00007ff9b47bc000 	C:\Program Files\Android\Android Studio\jre\jre\bin\awt.dll
0x00007ffa03c00000 - 0x00007ffa03cc5000 	C:\WINDOWS\System32\OLEAUT32.dll
0x00007ff9ff030000 - 0x00007ff9ff05d000 	C:\WINDOWS\SYSTEM32\dwmapi.dll
0x00007ff9fd420000 - 0x00007ff9fd9e0000 	C:\WINDOWS\SYSTEM32\d2d1.dll
0x00007ff9fea40000 - 0x00007ff9feacf000 	C:\WINDOWS\SYSTEM32\apphelp.dll
0x00007ff9febe0000 - 0x00007ff9fec79000 	C:\WINDOWS\system32\uxtheme.dll
0x00007ffa00a40000 - 0x00007ffa00c34000 	C:\WINDOWS\SYSTEM32\dbghelp.dll

VM Arguments:
jvm_args: -Xmx2048m -Dfile.encoding=UTF-8 -Duser.country=PH -Duser.language=en -Duser.variant 
java_command: org.gradle.launcher.daemon.bootstrap.GradleDaemon 6.5
java_class_path (initial): C:\Users\admin\.gradle\wrapper\dists\gradle-6.5-bin\6nifqtx7604sqp1q6g8wikw7p\gradle-6.5\lib\gradle-launcher-6.5.jar
Launcher Type: SUN_STANDARD

Environment Variables:
PATH=C:\Python39\Scripts\;C:\Python39\;C:\Program Files (x86)\Common Files\Oracle\Java\javapath;C:\WINDOWS\system32;C:\WINDOWS;C:\WINDOWS\System32\Wbem;C:\WINDOWS\System32\WindowsPowerShell\v1.0\;C:\Program Files\Git\cmd;C:\WINDOWS\System32\OpenSSH\;C:\Windows\System32\cmd.exe;C:\Program Files\Java\jre1.8.0_231\bin;C:\ProgramData\chocolatey\bin;C:\Program Files\nodejs\;C:\Users\admin\AppData\Local\Microsoft\WindowsApps;C:\Users\admin\AppData\Local\Programs\Microsoft VS Code\bin;C:\Users\admin\AppData\Roaming\npm
USERNAME=admin
OS=Windows_NT
PROCESSOR_IDENTIFIER=Intel64 Family 6 Model 158 Stepping 9, GenuineIntel



---------------  S Y S T E M  ---------------

OS: Windows 10.0 , 64 bit Build 18362 (10.0.18362.1350)

CPU:total 8 (initial active 8) (4 cores per cpu, 2 threads per core) family 6 model 158 stepping 9, cmov, cx8, fxsr, mmx, sse, sse2, sse3, ssse3, sse4.1, sse4.2, popcnt, avx, avx2, aes, clmul, erms, rtm, 3dnowpref, lzcnt, ht, tsc, tscinvbit, bmi1, bmi2, adx

Memory: 4k page, physical 12447388k(2289068k free), swap 18471912k(5688920k free)

vm_info: OpenJDK 64-Bit Server VM (25.242-b01) for windows-amd64 JRE (1.8.0_242-release-1644-b01), built by "builder" with MS VC++ 10.0 (VS2010)

time: Sat Mar 27 10:42:13 2021
timezone: China Standard Time
elapsed time: 3299 seconds (0d 0h 54m 59s)

